2023-11-24 13:55:49,889 [INFO] Activator:176 - 


2023-11-24 13:55:49,891 [INFO] Activator:177 - !SESSION log4j initialized
2023-11-24 13:55:50,856 [ERROR] LogOutputStream:75 - [STDERR_REDIRECT] 
2023-11-24 13:55:51,581 [INFO] LogOutputStream:77 - [STDOUT_REDIRECT] 
2023-11-24 13:55:52,964 [INFO] LogOutputStream:77 - [STDOUT_REDIRECT] 
2023-11-24 13:55:54,643 [INFO] ApplicationProperties:184 - Using Application install path: /Applications/STM32CubeIDE.app/Contents/Eclipse/plugins/com.st.stm32cube.common.mx_6.9.2.202309101412
2023-11-24 13:55:54,661 [INFO] DbMcusXml:78 - Set database path to: /Applications/STM32CubeIDE.app/Contents/Eclipse/plugins/com.st.stm32cube.common.mx_6.9.2.202309101412//db//mcu/
2023-11-24 13:55:54,661 [INFO] ApiDb:274 - Set plugin database path to: /Applications/STM32CubeIDE.app/Contents/Eclipse/plugins/com.st.stm32cube.common.mx_6.9.2.202309101412//db//plugins/boardmanager/
2023-11-24 13:55:54,662 [WARN] ApiDb:259 - Overriding images path with different value:  => /Applications/STM32CubeIDE.app/Contents/Eclipse/plugins/com.st.stm32cube.common.mx_6.9.2.202309101412//db//plugins/mcufinder/images/
2023-11-24 13:55:54,681 [INFO] ApiDb:250 - Set database path to: /Users/phongtran/.stmcufinder/plugins/mcufinder//mcu/
2023-11-24 13:55:54,683 [INFO] DbMcusAds:125 - Set database path to: /Users/phongtran/.stmcufinder/plugins/mcufinder//mcu/
2023-11-24 13:55:54,686 [INFO] CrossReferenceDbSqlite:203 - Set database path to: /Users/phongtran/.stmcufinder/plugins/mcufinder//mcu/cs/
2023-11-24 13:55:54,890 [INFO] RulesReader:64 - Compatibility file has been processed (293 Rules)
2023-11-24 13:55:55,029 [INFO] DbMcusXml:78 - Set database path to: /Applications/STM32CubeIDE.app/Contents/Eclipse/plugins/com.st.stm32cube.common.mx_6.9.2.202309101412//db//mcu/
2023-11-24 13:55:55,030 [INFO] ApiDb:274 - Set plugin database path to: /Applications/STM32CubeIDE.app/Contents/Eclipse/plugins/com.st.stm32cube.common.mx_6.9.2.202309101412//db//plugins/boardmanager/
2023-11-24 13:55:55,033 [INFO] ApiDb:261 - Set plugin images path to: /Applications/STM32CubeIDE.app/Contents/Eclipse/plugins/com.st.stm32cube.common.mx_6.9.2.202309101412//db//plugins/mcufinder/images/
2023-11-24 13:55:55,035 [WARN] DbFile:41 - Overriding database path with different value: /Users/phongtran/.stmcufinder/plugins/mcufinder/ => /Users/phongtran/.stmcufinder/plugins/mcufinder
2023-11-24 13:55:55,035 [INFO] ApiDb:250 - Set database path to: /Users/phongtran/.stmcufinder/plugins/mcufinder//mcu/
2023-11-24 13:55:55,035 [WARN] DbFile:41 - Overriding database path with different value: /Users/phongtran/.stmcufinder/plugins/mcufinder/ => /Users/phongtran/.stmcufinder/plugins/mcufinder
2023-11-24 13:55:55,035 [INFO] DbMcusAds:125 - Set database path to: /Users/phongtran/.stmcufinder/plugins/mcufinder//mcu/
2023-11-24 13:55:55,035 [WARN] DbFile:41 - Overriding database path with different value: /Users/phongtran/.stmcufinder/plugins/mcufinder/ => /Users/phongtran/.stmcufinder/plugins/mcufinder
2023-11-24 13:55:55,036 [WARN] DbFile:41 - Overriding database path with different value: /Users/phongtran/.stmcufinder/plugins/mcufinder/ => /Users/phongtran/.stmcufinder/plugins/mcufinder
2023-11-24 13:55:55,036 [INFO] CrossReferenceDbSqlite:203 - Set database path to: /Users/phongtran/.stmcufinder/plugins/mcufinder//mcu/cs/
2023-11-24 13:55:55,129 [INFO] MainPanel:262 - HeapMemory: 268435456
2023-11-24 13:55:55,193 [INFO] DbMcusXml:78 - Set database path to: /Applications/STM32CubeIDE.app/Contents/Eclipse/plugins/com.st.stm32cube.common.mx_6.9.2.202309101412//db//mcu/
2023-11-24 13:55:55,193 [INFO] ApiDb:274 - Set plugin database path to: /Applications/STM32CubeIDE.app/Contents/Eclipse/plugins/com.st.stm32cube.common.mx_6.9.2.202309101412//db//plugins/boardmanager/
2023-11-24 13:55:55,194 [INFO] ApiDb:261 - Set plugin images path to: /Applications/STM32CubeIDE.app/Contents/Eclipse/plugins/com.st.stm32cube.common.mx_6.9.2.202309101412//db//plugins/mcufinder/images/
2023-11-24 13:55:55,194 [WARN] DbFile:41 - Overriding database path with different value: /Users/phongtran/.stmcufinder/plugins/mcufinder/ => /Users/phongtran/.stmcufinder/plugins/mcufinder
2023-11-24 13:55:55,194 [INFO] ApiDb:250 - Set database path to: /Users/phongtran/.stmcufinder/plugins/mcufinder//mcu/
2023-11-24 13:55:55,194 [WARN] DbFile:41 - Overriding database path with different value: /Users/phongtran/.stmcufinder/plugins/mcufinder/ => /Users/phongtran/.stmcufinder/plugins/mcufinder
2023-11-24 13:55:55,194 [INFO] DbMcusAds:125 - Set database path to: /Users/phongtran/.stmcufinder/plugins/mcufinder//mcu/
2023-11-24 13:55:55,194 [WARN] DbFile:41 - Overriding database path with different value: /Users/phongtran/.stmcufinder/plugins/mcufinder/ => /Users/phongtran/.stmcufinder/plugins/mcufinder
2023-11-24 13:55:55,194 [WARN] DbFile:41 - Overriding database path with different value: /Users/phongtran/.stmcufinder/plugins/mcufinder/ => /Users/phongtran/.stmcufinder/plugins/mcufinder
2023-11-24 13:55:55,194 [INFO] CrossReferenceDbSqlite:203 - Set database path to: /Users/phongtran/.stmcufinder/plugins/mcufinder//mcu/cs/
2023-11-24 13:55:55,211 [INFO] ApplicationProperties:184 - Using Application install path: /Applications/STM32CubeIDE.app/Contents/Eclipse/plugins/com.st.stm32cube.common.mx_6.9.2.202309101412
2023-11-24 13:55:55,212 [INFO] PluginManage:196 - Search for loadable plugins [exclusion list=, ]
2023-11-24 13:55:55,214 [INFO] PluginManage:310 - Check plugin analytics
2023-11-24 13:55:55,484 [INFO] AnalyticsPlugin:253 - Accepted Software Licenses: 
2023-11-24 13:55:55,486 [INFO] AnalyticsPlugin:255 - Accepted CMSIS Pack Licenses: 
2023-11-24 13:55:55,486 [INFO] AnalyticsPlugin:257 - Accepted Firmware Licenses: 
2023-11-24 13:55:55,496 [INFO] PluginManage:359 - Loaded plugin analytics (category:tool,tabindex:-1)
2023-11-24 13:55:55,497 [INFO] PluginManage:310 - Check plugin cadmodel
2023-11-24 13:55:55,756 [INFO] CADModel:105 - Init CAD model plugin
2023-11-24 13:55:55,757 [INFO] PluginManage:359 - Loaded plugin cadmodel (category:power,tabindex:5)
2023-11-24 13:55:55,758 [INFO] PluginManage:310 - Check plugin clock
2023-11-24 13:55:55,769 [INFO] PluginManage:359 - Loaded plugin clock (category:base,tabindex:2)
2023-11-24 13:55:55,770 [INFO] PluginManage:310 - Check plugin ddr
2023-11-24 13:55:55,771 [INFO] PluginManage:359 - Loaded plugin ddr (category:tool,tabindex:6)
2023-11-24 13:55:55,771 [INFO] PluginManage:310 - Check plugin filemanager
2023-11-24 13:55:56,047 [INFO] PluginManage:359 - Loaded plugin filemanager (category:base,tabindex:10)
2023-11-24 13:55:56,049 [INFO] PluginManage:310 - Check plugin ipmanager
2023-11-24 13:55:56,070 [INFO] PluginManage:359 - Loaded plugin ipmanager (category:base,tabindex:5)
2023-11-24 13:55:56,071 [INFO] PluginManage:310 - Check plugin lpbam
2023-11-24 13:55:56,085 [INFO] PluginManage:359 - Loaded plugin lpbam (category:base,tabindex:0)
2023-11-24 13:55:56,086 [INFO] PluginManage:310 - Check plugin memorymap
2023-11-24 13:55:56,100 [INFO] PluginManage:359 - Loaded plugin memorymap (category:base,tabindex:4)
2023-11-24 13:55:56,100 [INFO] PluginManage:310 - Check plugin pinoutandconfiguration
2023-11-24 13:55:56,103 [INFO] PluginManage:359 - Loaded plugin pinoutandconfiguration (category:base,tabindex:1)
2023-11-24 13:55:56,103 [INFO] PluginManage:310 - Check plugin pinoutconfig
2023-11-24 13:55:56,195 [WARN] SupportedApi:132 - Cannot load RTOS API schema: s4s-elt-must-match.1: The content of 'definitions' must match (annotation?, (simpleType | complexType)?, (unique | key | keyref)*)). A problem was found starting at: attribute.
2023-11-24 13:55:56,332 [INFO] PluginManage:359 - Loaded plugin pinoutconfig (category:base,tabindex:0)
2023-11-24 13:55:56,332 [INFO] PluginManage:310 - Check plugin power
2023-11-24 13:55:56,338 [INFO] PluginManage:359 - Loaded plugin power (category:power,tabindex:4)
2023-11-24 13:55:56,338 [INFO] PluginManage:310 - Check plugin projectmanager
2023-11-24 13:55:56,363 [INFO] PluginManage:359 - Loaded plugin projectmanager (category:projectmanager,tabindex:3)
2023-11-24 13:55:56,363 [INFO] PluginManage:310 - Check plugin thirdparty
2023-11-24 13:55:56,493 [INFO] PluginManage:359 - Loaded plugin thirdparty (category:base,tabindex:-1)
2023-11-24 13:55:56,493 [INFO] PluginManage:310 - Check plugin tools
2023-11-24 13:55:56,493 [WARN] IntegrityCheckThread:84 - waiting for thirdparty lock release [integrity check]
2023-11-24 13:55:56,494 [INFO] IntegrityCheckThread:86 - entering critical section [integrity check]
2023-11-24 13:55:56,495 [INFO] ThirdPartyUpdaterWithRetryManager:70 - Updater plugin not ready yet. [1/15]
2023-11-24 13:55:56,495 [INFO] PluginManage:359 - Loaded plugin tools (category:base,tabindex:7)
2023-11-24 13:55:56,495 [INFO] PluginManage:310 - Check plugin tutovideos
2023-11-24 13:55:56,626 [INFO] PluginManage:359 - Loaded plugin tutovideos (category:base,tabindex:-1)
2023-11-24 13:55:56,627 [INFO] PluginManage:310 - Check plugin updater
2023-11-24 13:55:56,637 [INFO] PluginManage:359 - Loaded plugin updater (category:base,tabindex:12)
2023-11-24 13:55:56,637 [INFO] PluginManage:310 - Check plugin userauth
2023-11-24 13:55:56,642 [INFO] UserAuth:113 - Init User Auth plugin
2023-11-24 13:55:56,642 [INFO] PluginManage:359 - Loaded plugin userauth (category:base,tabindex:14)
2023-11-24 13:55:56,643 [INFO] PluginManage:283 - PluginManage : Loaded plugins [17]
2023-11-24 13:55:56,863 [INFO] PinOutPanel:1499 - setPackage(No Configuration,No Configuration)
2023-11-24 13:55:57,015 [INFO] CADModel:165 - CPN selected for project level
2023-11-24 13:55:57,015 [INFO] CADModel:114 - Register for checkConnection events
2023-11-24 13:55:57,023 [INFO] IPUIPlugin:80 - create IPUIPlugin
2023-11-24 13:55:57,023 [INFO] PluginManager:220 - loadIPPluginJar : add mdma
2023-11-24 13:55:57,028 [INFO] IPUIPlugin:80 - create IPUIPlugin
2023-11-24 13:55:57,028 [INFO] PluginManager:220 - loadIPPluginJar : add freertos
2023-11-24 13:55:57,030 [INFO] IPUIPlugin:80 - create IPUIPlugin
2023-11-24 13:55:57,031 [INFO] PluginManager:220 - loadIPPluginJar : add gic
2023-11-24 13:55:57,035 [INFO] IPUIPlugin:80 - create IPUIPlugin
2023-11-24 13:55:57,035 [INFO] PluginManager:220 - loadIPPluginJar : add adc
2023-11-24 13:55:57,037 [INFO] IPUIPlugin:80 - create IPUIPlugin
2023-11-24 13:55:57,037 [INFO] PluginManager:220 - loadIPPluginJar : add gtzc
2023-11-24 13:55:57,038 [INFO] IPUIPlugin:80 - create IPUIPlugin
2023-11-24 13:55:57,038 [INFO] PluginManager:220 - loadIPPluginJar : add quadspi
2023-11-24 13:55:57,039 [INFO] IPUIPlugin:80 - create IPUIPlugin
2023-11-24 13:55:57,039 [INFO] PluginManager:220 - loadIPPluginJar : add aes
2023-11-24 13:55:57,040 [INFO] IPUIPlugin:80 - create IPUIPlugin
2023-11-24 13:55:57,040 [INFO] PluginManager:220 - loadIPPluginJar : add pdm2pcm
2023-11-24 13:55:57,040 [INFO] IPUIPlugin:80 - create IPUIPlugin
2023-11-24 13:55:57,041 [INFO] PluginManager:220 - loadIPPluginJar : add hash
2023-11-24 13:55:57,041 [INFO] IPUIPlugin:80 - create IPUIPlugin
2023-11-24 13:55:57,041 [INFO] PluginManager:220 - loadIPPluginJar : add tim
2023-11-24 13:55:57,042 [INFO] IPUIPlugin:80 - create IPUIPlugin
2023-11-24 13:55:57,042 [INFO] PluginManager:220 - loadIPPluginJar : add tsc
2023-11-24 13:55:57,042 [INFO] IPUIPlugin:80 - create IPUIPlugin
2023-11-24 13:55:57,042 [INFO] PluginManager:220 - loadIPPluginJar : add ts
2023-11-24 13:55:57,043 [INFO] IPUIPlugin:80 - create IPUIPlugin
2023-11-24 13:55:57,043 [INFO] PluginManager:220 - loadIPPluginJar : add can
2023-11-24 13:55:57,045 [INFO] IPUIPlugin:80 - create IPUIPlugin
2023-11-24 13:55:57,046 [INFO] PluginManager:220 - loadIPPluginJar : add dma3
2023-11-24 13:55:57,048 [INFO] IPUIPlugin:80 - create IPUIPlugin
2023-11-24 13:55:57,048 [INFO] PluginManager:220 - loadIPPluginJar : add dfsdm
2023-11-24 13:55:57,049 [INFO] IPUIPlugin:80 - create IPUIPlugin
2023-11-24 13:55:57,049 [INFO] PluginManager:220 - loadIPPluginJar : add spi
2023-11-24 13:55:57,051 [INFO] IPUIPlugin:80 - create IPUIPlugin
2023-11-24 13:55:57,051 [INFO] PluginManager:220 - loadIPPluginJar : add gfxmmu
2023-11-24 13:55:57,054 [INFO] IPUIPlugin:80 - create IPUIPlugin
2023-11-24 13:55:57,054 [INFO] PluginManager:220 - loadIPPluginJar : add genericplugin
2023-11-24 13:55:57,055 [INFO] IPUIPlugin:80 - create IPUIPlugin
2023-11-24 13:55:57,055 [INFO] PluginManager:220 - loadIPPluginJar : add cryp
2023-11-24 13:55:57,057 [INFO] IPUIPlugin:80 - create IPUIPlugin
2023-11-24 13:55:57,057 [INFO] PluginManager:220 - loadIPPluginJar : add gpio
2023-11-24 13:55:57,057 [INFO] IPUIPlugin:80 - create IPUIPlugin
2023-11-24 13:55:57,057 [INFO] PluginManager:220 - loadIPPluginJar : add comp
2023-11-24 13:55:57,059 [INFO] IPUIPlugin:80 - create IPUIPlugin
2023-11-24 13:55:57,059 [INFO] PluginManager:220 - loadIPPluginJar : add tracer_emb
2023-11-24 13:55:57,060 [INFO] IPUIPlugin:80 - create IPUIPlugin
2023-11-24 13:55:57,061 [INFO] PluginManager:220 - loadIPPluginJar : add openamp
2023-11-24 13:55:57,064 [INFO] IPUIPlugin:80 - create IPUIPlugin
2023-11-24 13:55:57,064 [INFO] PluginManager:220 - loadIPPluginJar : add stm32_wpan
2023-11-24 13:55:57,067 [INFO] IPUIPlugin:80 - create IPUIPlugin
2023-11-24 13:55:57,071 [INFO] PluginManager:220 - loadIPPluginJar : add plateformsettings
2023-11-24 13:55:57,074 [INFO] IPUIPlugin:80 - create IPUIPlugin
2023-11-24 13:55:57,075 [INFO] PluginManager:220 - loadIPPluginJar : add ipddr
2023-11-24 13:55:57,076 [INFO] IPUIPlugin:80 - create IPUIPlugin
2023-11-24 13:55:57,076 [INFO] PluginManager:220 - loadIPPluginJar : add usart
2023-11-24 13:55:57,077 [INFO] IPUIPlugin:80 - create IPUIPlugin
2023-11-24 13:55:57,077 [INFO] PluginManager:220 - loadIPPluginJar : add ltdc
2023-11-24 13:55:57,079 [INFO] IPUIPlugin:80 - create IPUIPlugin
2023-11-24 13:55:57,079 [INFO] PluginManager:220 - loadIPPluginJar : add nvic
2023-11-24 13:55:57,080 [INFO] IPUIPlugin:80 - create IPUIPlugin
2023-11-24 13:55:57,080 [INFO] PluginManager:220 - loadIPPluginJar : add fatfs
2023-11-24 13:55:57,084 [INFO] IPUIPlugin:80 - create IPUIPlugin
2023-11-24 13:55:57,084 [INFO] PluginManager:220 - loadIPPluginJar : add linkedlist
2023-11-24 13:55:57,086 [INFO] IPUIPlugin:80 - create IPUIPlugin
2023-11-24 13:55:57,086 [INFO] PluginManager:220 - loadIPPluginJar : add dma
2023-11-24 13:55:57,087 [INFO] IPUIPlugin:80 - create IPUIPlugin
2023-11-24 13:55:57,087 [INFO] PluginManager:220 - loadIPPluginJar : add fmc
2023-11-24 13:55:57,091 [INFO] IPUIPlugin:80 - create IPUIPlugin
2023-11-24 13:55:57,091 [INFO] PluginManager:220 - loadIPPluginJar : add i2s
2023-11-24 13:55:57,092 [INFO] IPUIPlugin:80 - create IPUIPlugin
2023-11-24 13:55:57,092 [INFO] PluginManager:220 - loadIPPluginJar : add ucpd
2023-11-24 13:55:57,093 [INFO] IPUIPlugin:80 - create IPUIPlugin
2023-11-24 13:55:57,093 [INFO] PluginManager:220 - loadIPPluginJar : add lorawan
2023-11-24 13:55:57,094 [INFO] IPUIPlugin:80 - create IPUIPlugin
2023-11-24 13:55:57,094 [INFO] PluginManager:220 - loadIPPluginJar : add opamp
2023-11-24 13:55:57,095 [INFO] IPUIPlugin:80 - create IPUIPlugin
2023-11-24 13:55:57,095 [INFO] PluginManager:220 - loadIPPluginJar : add i3c
2023-11-24 13:55:57,096 [INFO] IPUIPlugin:80 - create IPUIPlugin
2023-11-24 13:55:57,096 [INFO] PluginManager:220 - loadIPPluginJar : add touchsensing
2023-11-24 13:55:57,097 [INFO] IPUIPlugin:80 - create IPUIPlugin
2023-11-24 13:55:57,097 [INFO] PluginManager:220 - loadIPPluginJar : add i2c
2023-11-24 13:55:57,098 [INFO] IPUIPlugin:80 - create IPUIPlugin
2023-11-24 13:55:57,098 [INFO] PluginManager:220 - loadIPPluginJar : add resmgrutility
2023-11-24 13:55:57,099 [INFO] IPUIPlugin:80 - create IPUIPlugin
2023-11-24 13:55:57,100 [INFO] PluginManager:220 - loadIPPluginJar : add sai
2023-11-24 13:55:57,100 [INFO] IPUIPlugin:80 - create IPUIPlugin
2023-11-24 13:55:57,100 [INFO] PluginManager:220 - loadIPPluginJar : add usbx
2023-11-24 13:55:57,221 [INFO] CADModel:165 - CPN selected for project level
2023-11-24 13:55:57,221 [INFO] CADModel:114 - Register for checkConnection events
2023-11-24 13:55:57,222 [FATAL] Updater:308 - Updater called before beeing initialized
2023-11-24 13:55:57,223 [ERROR] CADModel:125 - Updater not yet initialized, retry later 
2023-11-24 13:55:57,399 [INFO] CADModel:165 - CPN selected for project level
2023-11-24 13:55:57,399 [INFO] CADModel:114 - Register for checkConnection events
2023-11-24 13:55:57,399 [FATAL] Updater:308 - Updater called before beeing initialized
2023-11-24 13:55:57,399 [ERROR] CADModel:125 - Updater not yet initialized, retry later 
2023-11-24 13:55:57,402 [FATAL] Updater:308 - Updater called before beeing initialized
2023-11-24 13:55:57,540 [FATAL] Updater:308 - Updater called before beeing initialized
2023-11-24 13:55:57,549 [INFO] DbMcusAds:53 - JSON generation date=Tue Mar 07 15:50:55 ICT 2023 (1678179055335)
2023-11-24 13:55:57,549 [FATAL] Updater:308 - Updater called before beeing initialized
2023-11-24 13:55:57,588 [WARN] DetailPanel:346 - Failed to get advertising image, set to default
2023-11-24 13:55:57,653 [FATAL] Updater:308 - Updater called before beeing initialized
2023-11-24 13:55:57,654 [FATAL] Updater:308 - Updater called before beeing initialized
2023-11-24 13:55:57,654 [FATAL] Updater:308 - Updater called before beeing initialized
2023-11-24 13:55:57,654 [WARN] DetailPanel:346 - Failed to get advertising image, set to default
2023-11-24 13:55:57,655 [FATAL] Updater:308 - Updater called before beeing initialized
2023-11-24 13:55:57,708 [ERROR] Updater:1120 - MainUpdater not yet initialized. External WinMGr cannot be set.
2023-11-24 13:55:57,739 [INFO] Updater:1056 - Updater Version found : 6.9.2
2023-11-24 13:55:57,748 [INFO] ApplicationProperties:184 - Using Application install path: /Applications/STM32CubeIDE.app/Contents/Eclipse/plugins/com.st.stm32cube.common.mx_6.9.2.202309101412
2023-11-24 13:55:58,315 [INFO] MainUpdater:2868 - connection check result : 10
2023-11-24 13:55:58,317 [INFO] MainUpdater:285 - Updater Check For Update Now.
2023-11-24 13:55:58,317 [INFO] MicroXplorer:498 - Change Database Version : DB.6.0.92
2023-11-24 13:55:58,326 [INFO] McuFinderGlobals:63 - Set McuFinder mode to 2 (CubeIDE integrated)
2023-11-24 13:55:58,327 [INFO] UserAuth:179 - activating auth plugin
2023-11-24 13:55:58,341 [INFO] UserAuth:393 - Internet connection configuration mode: 1
2023-11-24 13:55:58,352 [INFO] JxBrowserEngine:151 - Initiate JxBrowser Engine with user profile folder
2023-11-24 13:55:58,620 [INFO] CheckServerUpdateThread:120 - End of CheckServer Thread
2023-11-24 13:55:59,649 [WARN] PackLoader:240 - Cannot read IP mode file for STMicroelectronics.X-CUBE-SMBUS.2.1.0
2023-11-24 13:55:59,705 [WARN] PackLoader:240 - Cannot read IP mode file for STMicroelectronics.X-CUBE-AZRTOS-F7.1.1.0
2023-11-24 13:55:59,760 [WARN] PackLoader:240 - Cannot read IP mode file for STMicroelectronics.FP-SNS-MOTENV1.4.3.2
2023-11-24 13:55:59,788 [WARN] PackLoader:240 - Cannot read IP mode file for STMicroelectronics.FP-SNS-FLIGHT1.5.0.2
2023-11-24 13:55:59,806 [WARN] PackLoader:240 - Cannot read IP mode file for STMicroelectronics.X-CUBE-DISPLAY.3.0.0
2023-11-24 13:55:59,835 [WARN] PackLoader:240 - Cannot read IP mode file for STMicroelectronics.X-CUBE-BLE1.7.0.0
2023-11-24 13:55:59,861 [WARN] PackLoader:240 - Cannot read IP mode file for emotas.I-CUBE-CANOPEN.1.3.0
2023-11-24 13:55:59,871 [WARN] PackLoader:240 - Cannot read IP mode file for STMicroelectronics.X-CUBE-TOUCHGFX.4.22.1
2023-11-24 13:55:59,885 [WARN] PackLoader:240 - Cannot read IP mode file for STMicroelectronics.FP-SNS-SMARTAG2.1.2.0
2023-11-24 13:55:59,914 [INFO] LogOutputStream:77 - [STDOUT_REDIRECT] 1 : Invalid condition id : UX_CORESTACK_Condition cause : null
2023-11-24 13:55:59,915 [INFO] LogOutputStream:77 - [STDOUT_REDIRECT] 1 : Invalid condition id : UX_CORESTACK_Condition cause : null
2023-11-24 13:55:59,915 [INFO] LogOutputStream:77 - [STDOUT_REDIRECT] 1 : Invalid condition id : UX_CORESTACK_Condition cause : null
2023-11-24 13:55:59,915 [INFO] LogOutputStream:77 - [STDOUT_REDIRECT] 1 : Invalid condition id : UX_CORESTACK_Condition cause : null
2023-11-24 13:55:59,915 [INFO] LogOutputStream:77 - [STDOUT_REDIRECT] 1 : Invalid condition id : UX_CORESTACK_Condition cause : null
2023-11-24 13:55:59,925 [WARN] PackLoader:240 - Cannot read IP mode file for STMicroelectronics.X-CUBE-AZRTOS-WL.2.0.0
2023-11-24 13:55:59,957 [WARN] PackLoader:240 - Cannot read IP mode file for WES.I-CUBE-Cesium.1.3.0
2023-11-24 13:55:59,972 [WARN] PackLoader:240 - Cannot read IP mode file for STMicroelectronics.X-CUBE-BLE2.3.3.0
2023-11-24 13:55:59,997 [WARN] PackLoader:240 - Cannot read IP mode file for STMicroelectronics.X-CUBE-ALGOBUILD.1.3.0
2023-11-24 13:56:00,042 [WARN] PackLoader:240 - Cannot read IP mode file for STMicroelectronics.X-CUBE-AZRTOS-G0.1.1.0
2023-11-24 13:56:00,061 [WARN] PackLoader:240 - Cannot read IP mode file for STMicroelectronics.X-CUBE-NFC4.3.0.0
2023-11-24 13:56:00,119 [WARN] PackLoader:240 - Cannot read IP mode file for STMicroelectronics.X-CUBE-BLEMGR.3.0.0
2023-11-24 13:56:00,136 [WARN] PackLoader:240 - Cannot read IP mode file for STMicroelectronics.FP-ATR-SIGFOX1.3.2.0
2023-11-24 13:56:00,208 [WARN] PackLoader:240 - Cannot read IP mode file for SEGGER.I-CUBE-embOS.1.3.1
2023-11-24 13:56:00,260 [WARN] PackLoader:240 - Cannot read IP mode file for STMicroelectronics.X-CUBE-GNSS1.6.0.0
2023-11-24 13:56:00,281 [WARN] PackLoader:240 - Cannot read IP mode file for STMicroelectronics.X-CUBE-AZRTOS-F4.1.1.0
2023-11-24 13:56:00,294 [WARN] PackLoader:240 - Cannot read IP mode file for wolfSSL.I-CUBE-wolfSSL.5.6.3
2023-11-24 13:56:00,316 [WARN] PackLoader:240 - Cannot read IP mode file for STMicroelectronics.X-CUBE-AZRTOS-L5.2.0.0
2023-11-24 13:56:00,322 [WARN] PackLoader:240 - Cannot read IP mode file for STMicroelectronics.X-CUBE-EEPRMA1.4.2.0
2023-11-24 13:56:00,329 [WARN] PackLoader:240 - Cannot read IP mode file for ITTIA_DB.I-CUBE-ITTIADB.8.8.0
2023-11-24 13:56:00,340 [WARN] PackLoader:240 - Cannot read IP mode file for STMicroelectronics.X-CUBE-BLEMGR.2.0.0
2023-11-24 13:56:00,367 [WARN] ConditionMgr:438 - getConditionDescription Invalid condition id : UX DEVICE CLASS RTOS Condition cause : null
2023-11-24 13:56:00,367 [WARN] ConditionMgr:438 - getConditionDescription Invalid condition id : UX DEVICE CLASS RTOS Condition cause : null
2023-11-24 13:56:00,374 [WARN] PackLoader:240 - Cannot read IP mode file for STMicroelectronics.X-CUBE-AZRTOS-H7.3.1.0
2023-11-24 13:56:00,379 [WARN] ConditionMgr:1039 - genDependencies : Invalid condition id : UX DEVICE CLASS RTOS Condition cause : null
2023-11-24 13:56:00,379 [WARN] ConditionMgr:1039 - genDependencies : Invalid condition id : UX DEVICE CLASS RTOS Condition cause : null
2023-11-24 13:56:00,380 [WARN] ConditionMgr:1039 - genDependencies : Invalid condition id : UX DEVICE CLASS RTOS Condition cause : null
2023-11-24 13:56:00,381 [WARN] ConditionMgr:1039 - genDependencies : Invalid condition id : UX DEVICE CLASS RTOS Condition cause : null
2023-11-24 13:56:00,381 [WARN] ConditionMgr:1039 - genDependencies : Invalid condition id : UX DEVICE CLASS RTOS Condition cause : null
2023-11-24 13:56:00,391 [WARN] PackLoader:240 - Cannot read IP mode file for STMicroelectronics.X-CUBE-NFC7.1.0.1
2023-11-24 13:56:00,409 [WARN] PackLoader:240 - Cannot read IP mode file for STMicroelectronics.X-CUBE-NFC6.3.0.0
2023-11-24 13:56:00,425 [WARN] PackLoader:240 - Cannot read IP mode file for STMicroelectronics.X-CUBE-EEPRMA1.4.1.0
2023-11-24 13:56:00,438 [WARN] PackLoader:240 - Cannot read IP mode file for STMicroelectronics.X-CUBE-AI.8.1.0
2023-11-24 13:56:00,476 [WARN] ConditionMgr:438 - getConditionDescription Invalid condition id : LAN8742 Phy interface Condition cause : null
2023-11-24 13:56:00,478 [WARN] PackLoader:240 - Cannot read IP mode file for STMicroelectronics.X-CUBE-AZRTOS-L4.2.0.0
2023-11-24 13:56:00,485 [WARN] ConditionMgr:1039 - genDependencies : Invalid condition id : LAN8742 Phy interface Condition cause : null
2023-11-24 13:56:00,486 [WARN] ConditionMgr:1039 - genDependencies : Invalid condition id : LAN8742 Phy interface Condition cause : null
2023-11-24 13:56:00,487 [WARN] ConditionMgr:1039 - genDependencies : Invalid condition id : LAN8742 Phy interface Condition cause : null
2023-11-24 13:56:00,514 [WARN] PackLoader:240 - Cannot read IP mode file for STMicroelectronics.X-CUBE-SFXS2LP1.4.0.0
2023-11-24 13:56:00,523 [WARN] PackLoader:240 - Cannot read IP mode file for STMicroelectronics.X-CUBE-ISPU.1.1.0
2023-11-24 13:56:00,535 [WARN] ConditionMgr:438 - getConditionDescription Invalid condition id : UX DEVICE CLASS RTOS Condition cause : null
2023-11-24 13:56:00,535 [WARN] ConditionMgr:438 - getConditionDescription Invalid condition id : UX DEVICE CLASS RTOS Condition cause : null
2023-11-24 13:56:00,539 [WARN] PackLoader:240 - Cannot read IP mode file for STMicroelectronics.X-CUBE-AZRTOS-WB.2.0.0
2023-11-24 13:56:00,540 [WARN] ConditionMgr:1039 - genDependencies : Invalid condition id : UX DEVICE CLASS RTOS Condition cause : null
2023-11-24 13:56:00,540 [WARN] ConditionMgr:1039 - genDependencies : Invalid condition id : UX DEVICE CLASS RTOS Condition cause : null
2023-11-24 13:56:00,541 [WARN] ConditionMgr:1039 - genDependencies : Invalid condition id : UX DEVICE CLASS RTOS Condition cause : null
2023-11-24 13:56:00,541 [WARN] ConditionMgr:1039 - genDependencies : Invalid condition id : UX DEVICE CLASS RTOS Condition cause : null
2023-11-24 13:56:00,541 [WARN] ConditionMgr:1039 - genDependencies : Invalid condition id : UX DEVICE CLASS RTOS Condition cause : null
2023-11-24 13:56:00,553 [WARN] PackLoader:240 - Cannot read IP mode file for STMicroelectronics.X-CUBE-SUBG2.5.0.0
2023-11-24 13:56:00,578 [WARN] PackLoader:240 - Cannot read IP mode file for STMicroelectronics.X-CUBE-TOF1.3.3.1
2023-11-24 13:56:00,603 [WARN] PackLoader:240 - Cannot read IP mode file for STMicroelectronics.X-CUBE-AZRTOS-G4.2.0.0
2023-11-24 13:56:00,621 [WARN] PackLoader:240 - Cannot read IP mode file for Infineon.AIROC-Wi-Fi-Bluetooth-STM32.1.5.1
2023-11-24 13:56:00,628 [WARN] PackLoader:240 - Cannot read IP mode file for STMicroelectronics.FP-SNS-MOTENVWB1.1.3.0
2023-11-24 13:56:00,675 [WARN] PackLoader:240 - Cannot read IP mode file for STMicroelectronics.X-CUBE-MEMS1.10.0.0
2023-11-24 13:56:00,819 [WARN] PackLoader:240 - Cannot read IP mode file for STMicroelectronics.X-CUBE-FREERTOS.1.1.0
2023-11-24 13:56:00,835 [WARN] PackLoader:240 - Cannot read IP mode file for portGmbH.I-Cube-SoM-uGOAL.1.1.0
2023-11-24 13:56:00,842 [WARN] PackLoader:240 - Cannot read IP mode file for STMicroelectronics.X-CUBE-ALS.1.0.1
2023-11-24 13:56:00,851 [WARN] PackLoader:240 - Cannot read IP mode file for STMicroelectronics.FP-ATR-ASTRA1.2.0.0
2023-11-24 13:56:00,866 [WARN] PackLoader:240 - Cannot read IP mode file for STMicroelectronics.X-CUBE-TOF1.3.4.0
2023-11-24 13:56:00,889 [INFO] ThirdParty:978 - Integrity check success = true
2023-11-24 13:56:00,890 [INFO] IntegrityCheckThread:100 - exiting critical section [integrity check]
2023-11-24 13:56:00,890 [INFO] IntegrityCheckThread:103 - End integrity checks thread
2023-11-24 13:56:02,203 [INFO] WebApp:157 - Instantiating new browser for Auth
2023-11-24 13:56:02,821 [INFO] WebApp:753 - Register for checkConnection events
2023-11-24 13:56:02,822 [INFO] WebApp:390 - Apply proxy settings
2023-11-24 13:56:02,840 [INFO] WebApp:455 - Chromium authenticates against System proxy
2023-11-24 13:56:02,957 [INFO] WebApp:188 - Starting web application
2023-11-24 13:56:02,957 [INFO] WebApp:520 - Web application path used /Applications/STM32CubeIDE.app/Contents/Eclipse/plugins/com.st.stm32cube.common.mx_6.9.2.202309101412/db/plugins/mcufinder/reactClient1/index.html
2023-11-24 13:56:24,160 [ERROR] LogOutputStream:75 - [STDERR_REDIRECT] SLF4J: Failed to load class "org.slf4j.impl.StaticLoggerBinder".
2023-11-24 13:56:24,163 [ERROR] LogOutputStream:75 - [STDERR_REDIRECT] SLF4J: Defaulting to no-operation (NOP) logger implementation
2023-11-24 13:56:24,164 [ERROR] LogOutputStream:75 - [STDERR_REDIRECT] SLF4J: See http://www.slf4j.org/codes.html#StaticLoggerBinder for further details.
2023-11-24 13:56:47,026 [INFO] LogOutputStream:77 - [STDOUT_REDIRECT] Unexpected error loading extension: org.eclipse.equinox.p2.metadata.repository.compositeRepository
2023-11-24 13:56:47,026 [ERROR] LogOutputStream:75 - [STDERR_REDIRECT] java.lang.IllegalStateException: bundle org.eclipse.equinox.p2.repositoryis not started
2023-11-24 13:56:47,027 [ERROR] LogOutputStream:75 - [STDERR_REDIRECT] 	at org.eclipse.equinox.internal.p2.repository.Activator.getContext(Activator.java:65)
2023-11-24 13:56:47,027 [ERROR] LogOutputStream:75 - [STDERR_REDIRECT] 	at org.eclipse.equinox.internal.p2.repository.helpers.AbstractRepositoryManager.restoreFromSystemProperty(AbstractRepositoryManager.java:1013)
2023-11-24 13:56:47,028 [ERROR] LogOutputStream:75 - [STDERR_REDIRECT] 	at org.eclipse.equinox.internal.p2.repository.helpers.AbstractRepositoryManager.restoreRepositories(AbstractRepositoryManager.java:1033)
2023-11-24 13:56:47,028 [ERROR] LogOutputStream:75 - [STDERR_REDIRECT] 	at org.eclipse.equinox.internal.p2.repository.helpers.AbstractRepositoryManager.getRepositoryProperty(AbstractRepositoryManager.java:571)
2023-11-24 13:56:47,028 [ERROR] LogOutputStream:75 - [STDERR_REDIRECT] 	at org.eclipse.equinox.internal.p2.repository.helpers.AbstractRepositoryManager.loadRepository(AbstractRepositoryManager.java:703)
2023-11-24 13:56:47,028 [ERROR] LogOutputStream:75 - [STDERR_REDIRECT] 	at org.eclipse.equinox.internal.p2.metadata.repository.MetadataRepositoryManager.loadRepository(MetadataRepositoryManager.java:110)
2023-11-24 13:56:47,028 [ERROR] LogOutputStream:75 - [STDERR_REDIRECT] 	at org.eclipse.equinox.internal.p2.metadata.repository.MetadataRepositoryManager.loadRepository(MetadataRepositoryManager.java:105)
2023-11-24 13:56:47,028 [ERROR] LogOutputStream:75 - [STDERR_REDIRECT] 	at org.eclipse.equinox.internal.p2.metadata.repository.CompositeMetadataRepository.addChild(CompositeMetadataRepository.java:171)
2023-11-24 13:56:47,028 [ERROR] LogOutputStream:75 - [STDERR_REDIRECT] 	at org.eclipse.equinox.internal.p2.metadata.repository.CompositeMetadataRepository.<init>(CompositeMetadataRepository.java:113)
2023-11-24 13:56:47,028 [ERROR] LogOutputStream:75 - [STDERR_REDIRECT] 	at org.eclipse.equinox.internal.p2.metadata.repository.CompositeMetadataRepositoryFactory.load(CompositeMetadataRepositoryFactory.java:124)
2023-11-24 13:56:47,028 [ERROR] LogOutputStream:75 - [STDERR_REDIRECT] 	at org.eclipse.equinox.internal.p2.metadata.repository.MetadataRepositoryManager.factoryLoad(MetadataRepositoryManager.java:63)
2023-11-24 13:56:47,028 [ERROR] LogOutputStream:75 - [STDERR_REDIRECT] 	at org.eclipse.equinox.internal.p2.repository.helpers.AbstractRepositoryManager.loadRepository(AbstractRepositoryManager.java:787)
2023-11-24 13:56:47,028 [ERROR] LogOutputStream:75 - [STDERR_REDIRECT] 	at org.eclipse.equinox.internal.p2.repository.helpers.AbstractRepositoryManager.loadRepository(AbstractRepositoryManager.java:685)
2023-11-24 13:56:47,028 [ERROR] LogOutputStream:75 - [STDERR_REDIRECT] 	at org.eclipse.equinox.internal.p2.metadata.repository.MetadataRepositoryManager.loadRepository(MetadataRepositoryManager.java:110)
2023-11-24 13:56:47,028 [ERROR] LogOutputStream:75 - [STDERR_REDIRECT] 	at org.eclipse.equinox.internal.p2.metadata.repository.MetadataRepositoryManager.loadRepository(MetadataRepositoryManager.java:105)
2023-11-24 13:56:47,028 [ERROR] LogOutputStream:75 - [STDERR_REDIRECT] 	at org.eclipse.equinox.internal.p2.metadata.repository.CompositeMetadataRepository.addChild(CompositeMetadataRepository.java:171)
2023-11-24 13:56:47,028 [ERROR] LogOutputStream:75 - [STDERR_REDIRECT] 	at org.eclipse.equinox.internal.p2.metadata.repository.CompositeMetadataRepository.<init>(CompositeMetadataRepository.java:113)
2023-11-24 13:56:47,029 [ERROR] LogOutputStream:75 - [STDERR_REDIRECT] 	at org.eclipse.equinox.internal.p2.metadata.repository.CompositeMetadataRepositoryFactory.load(CompositeMetadataRepositoryFactory.java:124)
2023-11-24 13:56:47,029 [ERROR] LogOutputStream:75 - [STDERR_REDIRECT] 	at org.eclipse.equinox.internal.p2.metadata.repository.MetadataRepositoryManager.factoryLoad(MetadataRepositoryManager.java:63)
2023-11-24 13:56:47,029 [ERROR] LogOutputStream:75 - [STDERR_REDIRECT] 	at org.eclipse.equinox.internal.p2.repository.helpers.AbstractRepositoryManager.loadRepository(AbstractRepositoryManager.java:787)
2023-11-24 13:56:47,029 [ERROR] LogOutputStream:75 - [STDERR_REDIRECT] 	at org.eclipse.equinox.internal.p2.repository.helpers.AbstractRepositoryManager.loadRepository(AbstractRepositoryManager.java:685)
2023-11-24 13:56:47,029 [ERROR] LogOutputStream:75 - [STDERR_REDIRECT] 	at org.eclipse.equinox.internal.p2.metadata.repository.MetadataRepositoryManager.loadRepository(MetadataRepositoryManager.java:110)
2023-11-24 13:56:47,029 [ERROR] LogOutputStream:75 - [STDERR_REDIRECT] 	at org.eclipse.equinox.internal.p2.metadata.repository.MetadataRepositoryManager.loadRepository(MetadataRepositoryManager.java:105)
2023-11-24 13:56:47,030 [ERROR] LogOutputStream:75 - [STDERR_REDIRECT] 	at org.eclipse.equinox.internal.p2.updatechecker.UpdateChecker.getAvailableRepositories(UpdateChecker.java:152)
2023-11-24 13:56:47,030 [ERROR] LogOutputStream:75 - [STDERR_REDIRECT] 	at org.eclipse.equinox.internal.p2.updatechecker.UpdateChecker.checkForUpdates(UpdateChecker.java:130)
2023-11-24 13:56:47,030 [ERROR] LogOutputStream:75 - [STDERR_REDIRECT] 	at org.eclipse.equinox.internal.p2.updatechecker.UpdateChecker$UpdateCheckThread.run(UpdateChecker.java:78)
2023-11-24 13:56:47,061 [ERROR] LogOutputStream:75 - [STDERR_REDIRECT] 
